
> my-app@0.1.0 build
> next build

⚠ Warning: Next.js inferred your workspace root, but it may not be correct.
 We detected multiple lockfiles and selected the directory of C:\Users\anmol\Downloads\package-lock.json as the root directory.
 To silence this warning, set `turbopack.root` in your Next.js config, or consider removing one of the lockfiles if it's not needed.
   See https://nextjs.org/docs/app/api-reference/config/next-config-js/turbopack#root-directory for more information.
 Detected additional lockfiles: 
   * C:\Users\anmol\Downloads\Hackathon\package-lock.json

▲ Next.js 16.2.2 (Turbopack)
- Environments: .env

  Creating an optimized production build ...

> Build error occurred
Error: Turbopack build failed with 1 errors:
./Hackathon/src/lib/prisma.ts:1:1
Module not found: Can't resolve '../generated/prisma'
[31m[1m>[0m [90m1 |[0m [36mimport[0m { [33mPrismaClient[0m } [36mfrom[0m [32m'../generated/prisma'[0m;
  [90m  |[0m [31m[1m^^^^^^^^^^^^^^^^^^^^^^^^^^^^^^^^^^^^^^^^^^^^^^^^^^^[0m
  [90m2 |[0m
  [90m3 |[0m [36mconst[0m globalForPrisma = globalThis [36mas[0m unknown [36mas[0m {
  [90m4 |[0m   prisma: [33mPrismaClient[0m | [36mundefined[0m;



Import trace:
  App Route:
    ./Hackathon/src/lib/prisma.ts
    ./Hackathon/src/app/api/reports/[id]/route.ts

https://nextjs.org/docs/messages/module-not-found


    at <unknown> (./Hackathon/src/lib/prisma.ts:1:1)
    at <unknown> (https://nextjs.org/docs/messages/module-not-found)
